<?xml version="1.0" encoding="UTF-8"?>
<!-- Generated by org.testng.reporters.JUnitXMLReporter -->
<testsuite ignored="4" hostname="DESKTOP-BCLBHS1" failures="0" tests="1" name="MarketingEdgeTestCase" time="25.104" errors="0" timestamp="2023-12-17T12:14:17 IST">
  <testcase classname="com.example.testscripts.MarketingAccountTestScripts" name="verifyCreateAccountTC001" time="0.0">
    <skipped/>
  </testcase> <!-- verifyCreateAccountTC001 -->
  <testcase classname="com.example.testscripts.MarketingAccountTestScripts" name="verifyDuplicateAccountTC003" time="0.0">
    <ignored/>
  </testcase> <!-- verifyDuplicateAccountTC003 -->
  <testcase classname="com.example.testscripts.MarketingAccountTestScripts" name="verifySearchAccountTC002" time="0.0">
    <ignored/>
  </testcase> <!-- verifySearchAccountTC002 -->
  <testcase classname="com.example.testscripts.MarketingAccountTestScripts" name="verifyDeleteAccountTC005" time="0.0">
    <ignored/>
  </testcase> <!-- verifyDeleteAccountTC005 -->
  <testcase classname="com.example.testscripts.MarketingAccountTestScripts" name="verifyAccountEditableTC004" time="0.0">
    <ignored/>
  </testcase> <!-- verifyAccountEditableTC004 -->
</testsuite> <!-- MarketingEdgeTestCase -->
