<?xml version="1.0" encoding="UTF-8"?>
<!-- Generated by org.testng.reporters.JUnitXMLReporter -->
<testsuite ignored="4" hostname="DESKTOP-BCLBHS1" failures="0" tests="0" name="MarketingTestCase-002" time="16.927" errors="0" timestamp="2023-12-06T23:05:25 IST">
  <testcase classname="com.example.testscripts.MarketingAccountTestScripts" name="verifyAccountEditableTC004" time="0.0">
    <ignored/>
  </testcase> <!-- verifyAccountEditableTC004 -->
  <testcase classname="com.example.testscripts.MarketingAccountTestScripts" name="verifyDeleteAccountTC005" time="0.0">
    <ignored/>
  </testcase> <!-- verifyDeleteAccountTC005 -->
  <testcase classname="com.example.testscripts.MarketingAccountTestScripts" name="verifySearchAccountTC002" time="0.0">
    <ignored/>
  </testcase> <!-- verifySearchAccountTC002 -->
  <testcase classname="com.example.testscripts.MarketingAccountTestScripts" name="verifyDuplicateAccountTC003" time="0.0">
    <ignored/>
  </testcase> <!-- verifyDuplicateAccountTC003 -->
</testsuite> <!-- MarketingTestCase-002 -->
