<?xml version="1.0" encoding="UTF-8"?>
<testsuite xmlns:xsi="http://www.w3.org/2001/XMLSchema-instance" xsi:noNamespaceSchemaLocation="https://maven.apache.org/surefire/maven-surefire-plugin/xsd/surefire-test-report-3.0.xsd" version="3.0" name="com.vtigercrm.runners.TestRunner" time="43.438" tests="2" errors="0" skipped="0" failures="0">
  <properties>
[...]
</properties>
  <testcase name="TS001 - Verify That User Is Able To Create Marketing Accounts Or Not" classname="Vtiger Marketing Accounts Functionality." time="20.499">
    <system-out><![CDATA[
@Marketing @Smoke @Retesting
Scenario: TS001 - Verify That User Is Able To Create Marketing Accounts Or Not                                # src/test/resources/Featurs/Marketing/Accounts.feature:9
Chrome Browser Launched Successfully
http://localhost:8888 ==>> URL Entered successFully
admin Value Entered in Hello  SuccessFully
admin Value Entered in Hello  SuccessFully
Clicked on the Login [Alt+L] element successfully 
Execute Before Scenario And Background -- 1`
 Execute First Before Scenario Step 
MouseOver Performed SuccessFully On Marketing
Actions Click Performed SuccessFully On  Element
  When user performed mouse over on marketing module link and click on accounts sub module link               # com.vtigercrm.common.stepdefinitions.CommonPageStepDefinitions.marketingMouseOver()
 Execute First After Scenario Step 
 Execute First Before Scenario Step 
  Then user should be navigate marketing accounts landing page                                                # com.vtigercrm.common.stepdefinitions.CommonPageStepDefinitions.verifyMarketingAccountsLandingPage()
 Execute First After Scenario Step 
 Execute First Before Scenario Step 
Clicked on the Create Account... element successfully 
  When user click on create new account option                                                                # com.vtigercrm.marketing.stepdefinitions.MarketingAccountStepDefinitions.createNewAccountsOptions()
 Execute First After Scenario Step 
 Execute First Before Scenario Step 
vtiger Value Entered in Hello  SuccessFully
www.google.com Value Entered in Hello  SuccessFully
EVS Value Entered in Hello  SuccessFully
8735676786 Value Entered in Hello  SuccessFully
Hii Value Entered in Hello  SuccessFully
hiievs34@gmail.com Value Entered in Hello  SuccessFully
Hi I Am Creating New Marketing Accounts Value Entered in Hello  SuccessFully
Actions Click Performed SuccessFully On  Save  Element
  And enter all information  like unique accounts as vtiger , firtsName lastName etc and click on save button # com.vtigercrm.marketing.stepdefinitions.MarketingAccountStepDefinitions.createAccountInfo(java.lang.String)
 Execute First After Scenario Step 
 Execute First Before Scenario Step 
  Then user accounts Should Be created with valid information                                                 # com.vtigercrm.marketing.stepdefinitions.MarketingAccountStepDefinitions.verifyAccountInformation()
 Execute First After Scenario Step 
Browser Window quit SuccessFully.
Execute After Scenario -- 2 
An unexpected error occurred: Session ID is null. Using WebDriver after calling quit()?
Build info: version: '4.12.1', revision: '8e34639b11'
System info: os.name: 'Windows 10', os.arch: 'amd64', os.version: '10.0', java.version: '18.0.2'
Driver info: org.openqa.selenium.chrome.ChromeDriver
Command: [null, close {}]
Capabilities {acceptInsecureCerts: false, browserName: chrome, browserVersion: 119.0.6045.160, chrome: {chromedriverVersion: 119.0.6045.105 (38c72552c5e..., userDataDir: C:\Users\hp\AppData\Local\T...}, fedcm:accounts: true, goog:chromeOptions: {debuggerAddress: localhost:52851}, networkConnectionEnabled: false, pageLoadStrategy: normal, platformName: windows, proxy: Proxy(), se:cdp: ws://localhost:52851/devtoo..., se:cdpVersion: 119.0.6045.160, setWindowRect: true, strictFileInteractability: false, timeouts: {implicit: 0, pageLoad: 300000, script: 30000}, unhandledPromptBehavior: dismiss and notify, webauthn:extension:credBlob: true, webauthn:extension:largeBlob: true, webauthn:extension:minPinLength: true, webauthn:extension:prf: true, webauthn:virtualAuthenticators: true}
Execute After Scenario -- 1 
]]></system-out>
    <system-err><![CDATA[Nov 22, 2023 11:56:41 PM org.openqa.selenium.devtools.CdpVersionFinder findNearestMatch
WARNING: Unable to find an exact match for CDP version 119, so returning the closest version found: 116
Nov 22, 2023 11:56:46 PM com.vtigercrm.hooks.Hooks beforeBackground
INFO: Executing @Before Hooks: Browser launched and login perform SuccessFully
Nov 22, 2023 11:56:50 PM com.vtigercrm.common.stepdefinitions.CommonPageStepDefinitions marketingMouseOver
INFO: Executing When step: user performed mouse over on marketing module link and click on accounts sub module link
Nov 22, 2023 11:56:50 PM com.vtigercrm.common.stepdefinitions.CommonPageStepDefinitions verifyMarketingAccountsLandingPage
INFO: Executing Then step: user should be navigate marketing accounts landing page
Nov 22, 2023 11:56:52 PM com.vtigercrm.marketing.stepdefinitions.MarketingAccountStepDefinitions createNewAccountsOptions
INFO: Executing When step: user click on create new account option
Nov 22, 2023 11:56:53 PM com.vtigercrm.marketing.stepdefinitions.MarketingAccountStepDefinitions createAccountInfo
INFO: Executing And step: enter all information  like unique accounts as  firtsName lastName etc and click on save button
Nov 22, 2023 11:56:59 PM com.vtigercrm.marketing.stepdefinitions.MarketingAccountStepDefinitions verifyAccountInformation
INFO: Executing Then step: user accounts Should Be created with valid information
]]></system-err>
  </testcase>
  <testcase name="TS002 -  Verify That User Is Able To Delete Marketing Accounts Or Not" classname="Vtiger Marketing Accounts Functionality." time="18.591">
    <system-out><![CDATA[
@Marketing @Retesting
Scenario: TS002 -  Verify That User Is Able To Delete Marketing Accounts Or Not                 # src/test/resources/Featurs/Marketing/Accounts.feature:17
Chrome Browser Launched Successfully
http://localhost:8888 ==>> URL Entered successFully
admin Value Entered in Hello  SuccessFully
admin Value Entered in Hello  SuccessFully
Clicked on the Login [Alt+L] element successfully 
Execute Before Scenario And Background -- 1`
 Execute First Before Scenario Step 
MouseOver Performed SuccessFully On Marketing
Actions Click Performed SuccessFully On Accounts Element
  When user performed mouse over on marketing module link and click on accounts sub module link # com.vtigercrm.common.stepdefinitions.CommonPageStepDefinitions.marketingMouseOver()
 Execute First After Scenario Step 
 Execute First Before Scenario Step 
vtiger Value Entered in Hello  SuccessFully
Option Selected by attribute value SuccesseFully From 
Clicked on the  Search Now  element successfully 
Clicked on the JWAdhuS2 element successfully 
Clicked on the Delete element successfully 
Alert Accepted SuccesFully
  And user search accounts by  accounts name as vtiger and click on delete button               # com.vtigercrm.marketing.stepdefinitions.MarketingAccountStepDefinitions.deleteAccounts(java.lang.String)
 Execute First After Scenario Step 
 Execute First Before Scenario Step 
  Then user accounts should be deleted by accepting popup                                       # com.vtigercrm.marketing.stepdefinitions.MarketingAccountStepDefinitions.verifyAccountsIsDeleted()
 Execute First After Scenario Step 
Browser Window quit SuccessFully.
Execute After Scenario -- 2 
An unexpected error occurred: Session ID is null. Using WebDriver after calling quit()?
Build info: version: '4.12.1', revision: '8e34639b11'
System info: os.name: 'Windows 10', os.arch: 'amd64', os.version: '10.0', java.version: '18.0.2'
Driver info: org.openqa.selenium.chrome.ChromeDriver
Command: [null, close {}]
Capabilities {acceptInsecureCerts: false, browserName: chrome, browserVersion: 119.0.6045.160, chrome: {chromedriverVersion: 119.0.6045.105 (38c72552c5e..., userDataDir: C:\Users\hp\AppData\Local\T...}, fedcm:accounts: true, goog:chromeOptions: {debuggerAddress: localhost:52881}, networkConnectionEnabled: false, pageLoadStrategy: normal, platformName: windows, proxy: Proxy(), se:cdp: ws://localhost:52881/devtoo..., se:cdpVersion: 119.0.6045.160, setWindowRect: true, strictFileInteractability: false, timeouts: {implicit: 0, pageLoad: 300000, script: 30000}, unhandledPromptBehavior: dismiss and notify, webauthn:extension:credBlob: true, webauthn:extension:largeBlob: true, webauthn:extension:minPinLength: true, webauthn:extension:prf: true, webauthn:virtualAuthenticators: true}
Execute After Scenario -- 1 
]]></system-out>
    <system-err><![CDATA[Nov 22, 2023 11:57:00 PM org.openqa.selenium.devtools.CdpVersionFinder findNearestMatch
WARNING: Unable to find an exact match for CDP version 119, so returning the closest version found: 116
Nov 22, 2023 11:57:05 PM com.vtigercrm.hooks.Hooks beforeBackground
INFO: Executing @Before Hooks: Browser launched and login perform SuccessFully
Nov 22, 2023 11:57:08 PM com.vtigercrm.common.stepdefinitions.CommonPageStepDefinitions marketingMouseOver
INFO: Executing When step: user performed mouse over on marketing module link and click on accounts sub module link
Nov 22, 2023 11:57:12 PM com.vtigercrm.marketing.stepdefinitions.MarketingAccountStepDefinitions deleteAccounts
INFO: Executing When step: user search accounts by  accounts name and click on delete button
Nov 22, 2023 11:57:17 PM com.vtigercrm.marketing.stepdefinitions.MarketingAccountStepDefinitions verifyAccountsIsDeleted
INFO: Executing Then step: user accounts should be deleted by accepting popup
]]></system-err>
  </testcase>
</testsuite>