<?xml version="1.0" encoding="UTF-8"?>
<testng-results ignored="0" total="1" passed="1" failed="0" skipped="0">
  <reporter-output>
  </reporter-output>
  <suite started-at="2023-11-21T11:18:25 IST" name="Default suite" finished-at="2023-11-21T11:18:25 IST" duration-ms="119">
    <groups>
    </groups>
    <test started-at="2023-11-21T11:18:25 IST" name="Default test" finished-at="2023-11-21T11:18:25 IST" duration-ms="119">
      <class name="com.eva.vtiger.listner.MyListner">
        <test-method signature="m1()[pri:0, instance:com.eva.vtiger.listner.MyListner@4c583ecf]" started-at="2023-11-21T11:18:25 IST" name="m1" finished-at="2023-11-21T11:18:25 IST" duration-ms="25" status="PASS">
          <reporter-output>
          </reporter-output>
        </test-method> <!-- m1 -->
      </class> <!-- com.eva.vtiger.listner.MyListner -->
    </test> <!-- Default test -->
  </suite> <!-- Default suite -->
</testng-results>
