<?xml version="1.0" encoding="UTF-8"?>
<testng-results ignored="0" total="3" passed="3" failed="0" skipped="0">
  <reporter-output>
  </reporter-output>
  <suite started-at="2023-11-18T08:10:15 IST" name="RegressionSuite" finished-at="2023-11-18T08:11:26 IST" duration-ms="70432">
    <groups>
    </groups>
    <test started-at="2023-11-18T08:10:15 IST" name="MarketingTest" finished-at="2023-11-18T08:11:26 IST" duration-ms="70432">
      <class name="com.eva.vtiger.testscripts.MarketingAccountTestScripts">
        <test-method is-config="true" signature="beforeSuite()[pri:0, instance:com.eva.vtiger.testscripts.MarketingAccountTestScripts@1aafa419]" started-at="2023-11-18T08:10:15 IST" name="beforeSuite" finished-at="2023-11-18T08:10:15 IST" duration-ms="1" status="PASS">
          <reporter-output>
          </reporter-output>
        </test-method> <!-- beforeSuite -->
        <test-method is-config="true" signature="beforeTest()[pri:0, instance:com.eva.vtiger.testscripts.MarketingAccountTestScripts@1aafa419]" started-at="2023-11-18T08:10:15 IST" name="beforeTest" finished-at="2023-11-18T08:10:15 IST" duration-ms="1" status="PASS">
          <reporter-output>
          </reporter-output>
        </test-method> <!-- beforeTest -->
        <test-method is-config="true" signature="beforeClass(java.lang.String)[pri:0, instance:com.eva.vtiger.testscripts.MarketingAccountTestScripts@1aafa419]" started-at="2023-11-18T08:10:15 IST" name="beforeClass" finished-at="2023-11-18T08:10:19 IST" duration-ms="3237" status="PASS">
          <params>
            <param index="0">
              <value>
                <![CDATA[chrome]]>
              </value>
            </param>
          </params>
          <reporter-output>
          </reporter-output>
        </test-method> <!-- beforeClass -->
        <test-method is-config="true" signature="beforeMethod(java.lang.String,java.lang.String,java.lang.reflect.Method)[pri:0, instance:com.eva.vtiger.testscripts.MarketingAccountTestScripts@1aafa419]" started-at="2023-11-18T08:10:19 IST" name="beforeMethod" finished-at="2023-11-18T08:10:22 IST" duration-ms="3246" status="PASS">
          <params>
            <param index="0">
              <value>
                <![CDATA[admin]]>
              </value>
            </param>
            <param index="1">
              <value>
                <![CDATA[admin]]>
              </value>
            </param>
            <param index="2">
              <value>
                <![CDATA[public void com.eva.vtiger.testscripts.MarketingAccountTestScripts.verifyVT001CreateAccount() throws java.lang.InterruptedException]]>
              </value>
            </param>
          </params>
          <reporter-output>
          </reporter-output>
        </test-method> <!-- beforeMethod -->
        <test-method signature="verifyVT001CreateAccount()[pri:1, instance:com.eva.vtiger.testscripts.MarketingAccountTestScripts@1aafa419]" started-at="2023-11-18T08:10:22 IST" name="verifyVT001CreateAccount" finished-at="2023-11-18T08:10:54 IST" duration-ms="32232" status="PASS">
          <reporter-output>
          </reporter-output>
        </test-method> <!-- verifyVT001CreateAccount -->
        <test-method is-config="true" signature="afterMethod(org.testng.ITestResult)[pri:0, instance:com.eva.vtiger.testscripts.MarketingAccountTestScripts@1aafa419]" started-at="2023-11-18T08:10:54 IST" name="afterMethod" finished-at="2023-11-18T08:10:56 IST" duration-ms="2090" status="PASS">
          <params>
            <param index="0">
              <value>
                <![CDATA[[TestResult name=verifyVT001CreateAccount status=SUCCESS method=MarketingAccountTestScripts.verifyVT001CreateAccount()[pri:1, instance:com.eva.vtiger.testscripts.MarketingAccountTestScripts@1aafa419] output={null}]]]>
              </value>
            </param>
          </params>
          <reporter-output>
          </reporter-output>
        </test-method> <!-- afterMethod -->
        <test-method is-config="true" signature="beforeMethod(java.lang.String,java.lang.String,java.lang.reflect.Method)[pri:0, instance:com.eva.vtiger.testscripts.MarketingAccountTestScripts@1aafa419]" started-at="2023-11-18T08:10:56 IST" name="beforeMethod" finished-at="2023-11-18T08:11:00 IST" duration-ms="3881" status="PASS">
          <params>
            <param index="0">
              <value>
                <![CDATA[admin]]>
              </value>
            </param>
            <param index="1">
              <value>
                <![CDATA[admin]]>
              </value>
            </param>
            <param index="2">
              <value>
                <![CDATA[public void com.eva.vtiger.testscripts.MarketingAccountTestScripts.verifyVT002DeleteAccount() throws java.lang.InterruptedException]]>
              </value>
            </param>
          </params>
          <reporter-output>
          </reporter-output>
        </test-method> <!-- beforeMethod -->
        <test-method signature="verifyVT002DeleteAccount()[pri:3, instance:com.eva.vtiger.testscripts.MarketingAccountTestScripts@1aafa419]" started-at="2023-11-18T08:11:00 IST" name="verifyVT002DeleteAccount" finished-at="2023-11-18T08:11:22 IST" depends-on-methods=", com.eva.vtiger.testscripts.MarketingAccountTestScripts.verifyVT001CreateAccount" duration-ms="22163" status="PASS">
          <reporter-output>
          </reporter-output>
        </test-method> <!-- verifyVT002DeleteAccount -->
        <test-method is-config="true" signature="afterMethod(org.testng.ITestResult)[pri:0, instance:com.eva.vtiger.testscripts.MarketingAccountTestScripts@1aafa419]" started-at="2023-11-18T08:11:22 IST" name="afterMethod" finished-at="2023-11-18T08:11:26 IST" duration-ms="3260" status="PASS">
          <params>
            <param index="0">
              <value>
                <![CDATA[[TestResult name=verifyVT002DeleteAccount status=SUCCESS method=MarketingAccountTestScripts.verifyVT002DeleteAccount()[pri:3, instance:com.eva.vtiger.testscripts.MarketingAccountTestScripts@1aafa419] output={null}]]]>
              </value>
            </param>
          </params>
          <reporter-output>
          </reporter-output>
        </test-method> <!-- afterMethod -->
        <test-method is-config="true" signature="afterClass()[pri:0, instance:com.eva.vtiger.testscripts.MarketingAccountTestScripts@1aafa419]" started-at="2023-11-18T08:11:26 IST" name="afterClass" finished-at="2023-11-18T08:11:26 IST" duration-ms="306" status="PASS">
          <reporter-output>
          </reporter-output>
        </test-method> <!-- afterClass -->
        <test-method is-config="true" signature="afterTest()[pri:0, instance:com.eva.vtiger.testscripts.MarketingAccountTestScripts@1aafa419]" started-at="2023-11-18T08:11:26 IST" name="afterTest" finished-at="2023-11-18T08:11:26 IST" duration-ms="1" status="PASS">
          <reporter-output>
          </reporter-output>
        </test-method> <!-- afterTest -->
        <test-method is-config="true" signature="afterSuite()[pri:0, instance:com.eva.vtiger.testscripts.MarketingAccountTestScripts@1aafa419]" started-at="2023-11-18T08:11:26 IST" name="afterSuite" finished-at="2023-11-18T08:11:26 IST" duration-ms="32" status="PASS">
          <reporter-output>
          </reporter-output>
        </test-method> <!-- afterSuite -->
      </class> <!-- com.eva.vtiger.testscripts.MarketingAccountTestScripts -->
    </test> <!-- MarketingTest -->
  </suite> <!-- RegressionSuite -->
  <suite started-at="2023-11-18T08:09:45 IST" name="SmokeSuite" finished-at="2023-11-18T08:10:15 IST" duration-ms="29906">
    <groups>
    </groups>
    <test started-at="2023-11-18T08:09:45 IST" name="InventryInvoiceTest" finished-at="2023-11-18T08:10:15 IST" duration-ms="29906">
      <class name="com.eva.vtiger.testscripts.InventryInvoiceTestScripts">
        <test-method is-config="true" signature="beforeSuite()[pri:0, instance:com.eva.vtiger.testscripts.InventryInvoiceTestScripts@2b662a77]" started-at="2023-11-18T08:09:45 IST" name="beforeSuite" finished-at="2023-11-18T08:09:45 IST" duration-ms="553" status="PASS">
          <reporter-output>
          </reporter-output>
        </test-method> <!-- beforeSuite -->
        <test-method is-config="true" signature="beforeTest()[pri:0, instance:com.eva.vtiger.testscripts.InventryInvoiceTestScripts@2b662a77]" started-at="2023-11-18T08:09:45 IST" name="beforeTest" finished-at="2023-11-18T08:09:45 IST" duration-ms="1" status="PASS">
          <reporter-output>
          </reporter-output>
        </test-method> <!-- beforeTest -->
        <test-method is-config="true" signature="beforeClass(java.lang.String)[pri:0, instance:com.eva.vtiger.testscripts.InventryInvoiceTestScripts@2b662a77]" started-at="2023-11-18T08:09:45 IST" name="beforeClass" finished-at="2023-11-18T08:09:52 IST" duration-ms="6508" status="PASS">
          <params>
            <param index="0">
              <value>
                <![CDATA[chrome]]>
              </value>
            </param>
          </params>
          <reporter-output>
          </reporter-output>
        </test-method> <!-- beforeClass -->
        <test-method is-config="true" signature="beforeMethod(java.lang.String,java.lang.String,java.lang.reflect.Method)[pri:0, instance:com.eva.vtiger.testscripts.InventryInvoiceTestScripts@2b662a77]" started-at="2023-11-18T08:09:52 IST" name="beforeMethod" finished-at="2023-11-18T08:09:56 IST" duration-ms="3816" status="PASS">
          <params>
            <param index="0">
              <value>
                <![CDATA[admin]]>
              </value>
            </param>
            <param index="1">
              <value>
                <![CDATA[admin]]>
              </value>
            </param>
            <param index="2">
              <value>
                <![CDATA[public void com.eva.vtiger.testscripts.InventryInvoiceTestScripts.verifyAccountAndContactAddOnInvoiceForm_VT006()]]>
              </value>
            </param>
          </params>
          <reporter-output>
          </reporter-output>
        </test-method> <!-- beforeMethod -->
        <test-method signature="verifyAccountAndContactAddOnInvoiceForm_VT006()[pri:0, instance:com.eva.vtiger.testscripts.InventryInvoiceTestScripts@2b662a77]" started-at="2023-11-18T08:09:56 IST" name="verifyAccountAndContactAddOnInvoiceForm_VT006" finished-at="2023-11-18T08:10:12 IST" duration-ms="15924" status="PASS">
          <reporter-output>
          </reporter-output>
        </test-method> <!-- verifyAccountAndContactAddOnInvoiceForm_VT006 -->
        <test-method is-config="true" signature="afterMethod(org.testng.ITestResult)[pri:0, instance:com.eva.vtiger.testscripts.InventryInvoiceTestScripts@2b662a77]" started-at="2023-11-18T08:10:12 IST" name="afterMethod" finished-at="2023-11-18T08:10:15 IST" duration-ms="3235" status="PASS">
          <params>
            <param index="0">
              <value>
                <![CDATA[[TestResult name=verifyAccountAndContactAddOnInvoiceForm_VT006 status=SUCCESS method=InventryInvoiceTestScripts.verifyAccountAndContactAddOnInvoiceForm_VT006()[pri:0, instance:com.eva.vtiger.testscripts.InventryInvoiceTestScripts@2b662a77] output={null}]]]>
              </value>
            </param>
          </params>
          <reporter-output>
          </reporter-output>
        </test-method> <!-- afterMethod -->
        <test-method is-config="true" signature="afterClass()[pri:0, instance:com.eva.vtiger.testscripts.InventryInvoiceTestScripts@2b662a77]" started-at="2023-11-18T08:10:15 IST" name="afterClass" finished-at="2023-11-18T08:10:15 IST" duration-ms="328" status="PASS">
          <reporter-output>
          </reporter-output>
        </test-method> <!-- afterClass -->
        <test-method is-config="true" signature="afterTest()[pri:0, instance:com.eva.vtiger.testscripts.InventryInvoiceTestScripts@2b662a77]" started-at="2023-11-18T08:10:15 IST" name="afterTest" finished-at="2023-11-18T08:10:15 IST" duration-ms="3" status="PASS">
          <reporter-output>
          </reporter-output>
        </test-method> <!-- afterTest -->
        <test-method is-config="true" signature="afterSuite()[pri:0, instance:com.eva.vtiger.testscripts.InventryInvoiceTestScripts@2b662a77]" started-at="2023-11-18T08:10:15 IST" name="afterSuite" finished-at="2023-11-18T08:10:15 IST" duration-ms="29" status="PASS">
          <reporter-output>
          </reporter-output>
        </test-method> <!-- afterSuite -->
      </class> <!-- com.eva.vtiger.testscripts.InventryInvoiceTestScripts -->
    </test> <!-- InventryInvoiceTest -->
  </suite> <!-- SmokeSuite -->
  <suite started-at="2023-11-18T08:11:26 IST" name="Failed suite [Default suite]" finished-at="2023-11-18T08:11:26 IST" duration-ms="1">
    <groups>
    </groups>
    <test started-at="2023-11-18T08:11:26 IST" name="Default test(failed)" finished-at="2023-11-18T08:11:26 IST" duration-ms="1">
    </test> <!-- Default test(failed) -->
  </suite> <!-- Failed suite [Default suite] -->
</testng-results>
